app/build/outputs/logs/manifest-merger-debug-report.txt
-- Merging decision tree log ---
manifest
ADDED from src\main\AndroidManifest.xml:2:1-156:12
INJECTED from src\main\AndroidManifest.xml:2:1-156:12
INJECTED from src\main\AndroidManifest.xml:2:1-156:12
INJECTED from src\main\AndroidManifest.xml:2:1-156:12
MERGED from [:sdkui] AndroidManifest.xml:2:1-41:12
MERGED from [com.android.support:design:26.1.0] AndroidManifest.xml:17:1-31:12
MERGED from [com.theartofdev.edmodo:android-image-cropper:2.3.1] AndroidManifest.xml:2:1-12:12
MERGED from [com.crystal:crystalrangeseekbar:1.1.3] AndroidManifest.xml:2:1-17:12
MERGED from [com.payu.india:payu-sdk:4.4.2] AndroidManifest.xml:2:1-14:12
MERGED from [com.payu.custombrowser:payu-custom-browser:6.1.3] AndroidManifest.xml:2:1-25:12
MERGED from [com.payu.magicretry:magicretry:1.0.5] AndroidManifest.xml:2:1-24:12
MERGED from [com.android.support:appcompat-v7:26.1.0] AndroidManifest.xml:17:1-31:12
MERGED from [com.android.support.constraint:constraint-layout:1.0.2] AndroidManifest.xml:2:1-11:12
MERGED from [com.android.support:animated-vector-drawable:26.1.0] AndroidManifest.xml:17:1-28:12
MERGED from [com.android.support:support-vector-drawable:26.1.0] AndroidManifest.xml:17:1-28:12
MERGED from [com.android.support:transition:26.1.0] AndroidManifest.xml:17:1-28:12
MERGED from [com.android.support:support-v4:26.1.0] AndroidManifest.xml:17:1-31:12
MERGED from [com.balysv:material-ripple:1.0.2] AndroidManifest.xml:2:1-14:12
MERGED from [com.koushikdutta.ion:ion:2.2.1] AndroidManifest.xml:2:1-16:12
MERGED from [com.android.support:cardview-v7:26.1.0] AndroidManifest.xml:17:1-28:12
MERGED from [com.mikhaellopez:circularimageview:3.0.2] AndroidManifest.xml:2:1-15:12
MERGED from [com.android.support:recyclerview-v7:26.1.0] AndroidManifest.xml:17:1-28:12
MERGED from [com.android.support:support-media-compat:26.1.0] AndroidManifest.xml:17:1-31:12
MERGED from [com.android.support:support-fragment:26.1.0] AndroidManifest.xml:17:1-31:12
MERGED from [com.android.support:support-core-utils:26.1.0] AndroidManifest.xml:17:1-31:12
MERGED from [com.android.support:support-core-ui:26.1.0] AndroidManifest.xml:17:1-31:12
MERGED from [com.android.support:support-compat:26.1.0] AndroidManifest.xml:17:1-31:12
MERGED from [com.koushikdutta.async:androidasync:2.2.1] AndroidManifest.xml:2:1-16:12
MERGED from [android.arch.lifecycle:runtime:1.0.0] AndroidManifest.xml:17:1-30:12
INJECTED from src\main\AndroidManifest.xml:2:1-156:12
INJECTED from src\main\AndroidManifest.xml:2:1-156:12
INJECTED from src\main\AndroidManifest.xml:2:1-156:12
	package
		ADDED from src\main\AndroidManifest.xml:4:5-26
		INJECTED from src\main\AndroidManifest.xml
		INJECTED from src\main\AndroidManifest.xml
	android:versionName
		INJECTED from src\main\AndroidManifest.xml
		ADDED from src\main\AndroidManifest.xml:2:1-156:12
		INJECTED from src\main\AndroidManifest.xml
	xmlns:tools
		ADDED from src\main\AndroidManifest.xml:3:5-51
	android:versionCode
		INJECTED from src\main\AndroidManifest.xml
		ADDED from src\main\AndroidManifest.xml:2:1-156:12
		INJECTED from src\main\AndroidManifest.xml
	xmlns:android
		ADDED from src\main\AndroidManifest.xml:2:11-69
uses-permission#android.permission.GET_ACCOUNTS
ADDED from src\main\AndroidManifest.xml:7:5-71
	android:name
		ADDED from src\main\AndroidManifest.xml:7:22-68
uses-permission#android.permission.READ_PROFILE
ADDED from src\main\AndroidManifest.xml:8:5-71
	android:name
		ADDED from src\main\AndroidManifest.xml:8:22-68
uses-permission#android.permission.READ_CONTACTS
ADDED from src\main\AndroidManifest.xml:9:5-72
	android:name
		ADDED from src\main\AndroidManifest.xml:9:22-69
uses-permission#android.permission.INTERNET
ADDED from src\main\AndroidManifest.xml:10:5-67
MERGED from [:sdkui] AndroidManifest.xml:11:5-67
MERGED from [:sdkui] AndroidManifest.xml:11:5-67
MERGED from [com.koushikdutta.ion:ion:2.2.1] AndroidManifest.xml:11:5-67
MERGED from [com.koushikdutta.ion:ion:2.2.1] AndroidManifest.xml:11:5-67
MERGED from [com.koushikdutta.async:androidasync:2.2.1] AndroidManifest.xml:11:5-67
MERGED from [com.koushikdutta.async:androidasync:2.2.1] AndroidManifest.xml:11:5-67
	android:name
		ADDED from src\main\AndroidManifest.xml:10:22-64
uses-permission#android.permission.ACCESS_FINE_LOCATION
ADDED from src\main\AndroidManifest.xml:11:5-79
	android:name
		ADDED from src\main\AndroidManifest.xml:11:22-76
uses-permission#android.permission.ACCESS_COARSE_LOCATION
ADDED from src\main\AndroidManifest.xml:12:5-81
	android:name
		ADDED from src\main\AndroidManifest.xml:12:22-78
uses-permission#android.permission.WRITE_EXTERNAL_STORAGE
ADDED from src\main\AndroidManifest.xml:13:5-81
	android:name
		ADDED from src\main\AndroidManifest.xml:13:22-78
uses-permission#android.permission.READ_EXTERNAL_STORAGE
ADDED from src\main\AndroidManifest.xml:14:5-80
	android:name
		ADDED from src\main\AndroidManifest.xml:14:22-77
uses-permission#android.permission.ACCESS_NETWORK_STATE
ADDED from src\main\AndroidManifest.xml:15:5-79
MERGED from [:sdkui] AndroidManifest.xml:12:5-79
MERGED from [:sdkui] AndroidManifest.xml:12:5-79
MERGED from [com.payu.custombrowser:payu-custom-browser:6.1.3] AndroidManifest.xml:11:5-79
MERGED from [com.payu.custombrowser:payu-custom-browser:6.1.3] AndroidManifest.xml:11:5-79
	android:name
		ADDED from src\main\AndroidManifest.xml:15:22-76
uses-permission#android.permission.CAMERA
ADDED from src\main\AndroidManifest.xml:16:5-65
	android:name
		ADDED from src\main\AndroidManifest.xml:16:22-62
uses-permission#android.permission.READ_PHONE_STATE
ADDED from src\main\AndroidManifest.xml:17:5-75
	android:name
		ADDED from src\main\AndroidManifest.xml:17:22-72
uses-feature#android.hardware.camera
ADDED from src\main\AndroidManifest.xml:19:5-60
	android:name
		ADDED from src\main\AndroidManifest.xml:19:19-57
uses-feature#android.hardware.camera.autofocus
ADDED from src\main\AndroidManifest.xml:20:5-70
	android:name
		ADDED from src\main\AndroidManifest.xml:20:19-67
uses-feature#android.hardware.camera.front
ADDED from src\main\AndroidManifest.xml:21:5-23:36
	android:required
		ADDED from src\main\AndroidManifest.xml:23:9-33
	android:name
		ADDED from src\main\AndroidManifest.xml:22:9-53
application
ADDED from src\main\AndroidManifest.xml:25:5-154:19
MERGED from [:sdkui] AndroidManifest.xml:18:5-39:19
MERGED from [:sdkui] AndroidManifest.xml:18:5-39:19
MERGED from [com.android.support:design:26.1.0] AndroidManifest.xml:25:5-29:19
MERGED from [com.android.support:design:26.1.0] AndroidManifest.xml:25:5-29:19
MERGED from [com.crystal:crystalrangeseekbar:1.1.3] AndroidManifest.xml:11:5-15:19
MERGED from [com.crystal:crystalrangeseekbar:1.1.3] AndroidManifest.xml:11:5-15:19
MERGED from [com.payu.india:payu-sdk:4.4.2] AndroidManifest.xml:11:5-12:19
MERGED from [com.payu.india:payu-sdk:4.4.2] AndroidManifest.xml:11:5-12:19
MERGED from [com.payu.custombrowser:payu-custom-browser:6.1.3] AndroidManifest.xml:16:5-23:19
MERGED from [com.payu.custombrowser:payu-custom-browser:6.1.3] AndroidManifest.xml:16:5-23:19
MERGED from [com.payu.magicretry:magicretry:1.0.5] AndroidManifest.xml:11:5-22:19
MERGED from [com.payu.magicretry:magicretry:1.0.5] AndroidManifest.xml:11:5-22:19
MERGED from [com.android.support:appcompat-v7:26.1.0] AndroidManifest.xml:25:5-29:19
MERGED from [com.android.support:appcompat-v7:26.1.0] AndroidManifest.xml:25:5-29:19
MERGED from [com.android.support.constraint:constraint-layout:1.0.2] AndroidManifest.xml:9:5-20
MERGED from [com.android.support.constraint:constraint-layout:1.0.2] AndroidManifest.xml:9:5-20
MERGED from [com.android.support:animated-vector-drawable:26.1.0] AndroidManifest.xml:22:5-26:19
MERGED from [com.android.support:animated-vector-drawable:26.1.0] AndroidManifest.xml:22:5-26:19
MERGED from [com.android.support:support-vector-drawable:26.1.0] AndroidManifest.xml:22:5-26:19
MERGED from [com.android.support:support-vector-drawable:26.1.0] AndroidManifest.xml:22:5-26:19
MERGED from [com.android.support:transition:26.1.0] AndroidManifest.xml:22:5-26:19
MERGED from [com.android.support:transition:26.1.0] AndroidManifest.xml:22:5-26:19
MERGED from [com.android.support:support-v4:26.1.0] AndroidManifest.xml:25:5-29:19
MERGED from [com.android.support:support-v4:26.1.0] AndroidManifest.xml:25:5-29:19
MERGED from [com.balysv:material-ripple:1.0.2] AndroidManifest.xml:12:5-20
MERGED from [com.balysv:material-ripple:1.0.2] AndroidManifest.xml:12:5-20
MERGED from [com.koushikdutta.ion:ion:2.2.1] AndroidManifest.xml:13:5-14:19
MERGED from [com.koushikdutta.ion:ion:2.2.1] AndroidManifest.xml:13:5-14:19
MERGED from [com.android.support:cardview-v7:26.1.0] AndroidManifest.xml:22:5-26:19
MERGED from [com.android.support:cardview-v7:26.1.0] AndroidManifest.xml:22:5-26:19
MERGED from [com.mikhaellopez:circularimageview:3.0.2] AndroidManifest.xml:11:5-13:38
MERGED from [com.mikhaellopez:circularimageview:3.0.2] AndroidManifest.xml:11:5-13:38
MERGED from [com.android.support:recyclerview-v7:26.1.0] AndroidManifest.xml:22:5-26:19
MERGED from [com.android.support:recyclerview-v7:26.1.0] AndroidManifest.xml:22:5-26:19
MERGED from [com.android.support:support-media-compat:26.1.0] AndroidManifest.xml:25:5-29:19
MERGED from [com.android.support:support-media-compat:26.1.0] AndroidManifest.xml:25:5-29:19
MERGED from [com.android.support:support-fragment:26.1.0] AndroidManifest.xml:25:5-29:19
MERGED from [com.android.support:support-fragment:26.1.0] AndroidManifest.xml:25:5-29:19
MERGED from [com.android.support:support-core-utils:26.1.0] AndroidManifest.xml:25:5-29:19
MERGED from [com.android.support:support-core-utils:26.1.0] AndroidManifest.xml:25:5-29:19
MERGED from [com.android.support:support-core-ui:26.1.0] AndroidManifest.xml:25:5-29:19
MERGED from [com.android.support:support-core-ui:26.1.0] AndroidManifest.xml:25:5-29:19
MERGED from [com.android.support:support-compat:26.1.0] AndroidManifest.xml:25:5-29:19
MERGED from [com.android.support:support-compat:26.1.0] AndroidManifest.xml:25:5-29:19
MERGED from [com.koushikdutta.async:androidasync:2.2.1] AndroidManifest.xml:13:5-14:19
MERGED from [com.koushikdutta.async:androidasync:2.2.1] AndroidManifest.xml:13:5-14:19
MERGED from [android.arch.lifecycle:runtime:1.0.0] AndroidManifest.xml:24:5-28:19
MERGED from [android.arch.lifecycle:runtime:1.0.0] AndroidManifest.xml:24:5-28:19
	android:supportsRtl
		ADDED from src\main\AndroidManifest.xml:30:9-35
	android:label
		ADDED from src\main\AndroidManifest.xml:29:9-41
	android:icon
		ADDED from src\main\AndroidManifest.xml:28:9-41
		REJECTED from [:sdkui] AndroidManifest.xml:20:9-43
	android:allowBackup
		ADDED from src\main\AndroidManifest.xml:27:9-35
	android:theme
		ADDED from src\main\AndroidManifest.xml:31:9-47
		REJECTED from [:sdkui] AndroidManifest.xml:22:9-40
	tools:replace
		ADDED from src\main\AndroidManifest.xml:32:9-51
	android:name
		ADDED from src\main\AndroidManifest.xml:26:9-46
activity#com.mohi.in.activities.SplashScreen
ADDED from src\main\AndroidManifest.xml:33:9-40:20
	android:screenOrientation
		ADDED from src\main\AndroidManifest.xml:35:13-49
	android:name
		ADDED from src\main\AndroidManifest.xml:34:13-52
intent-filter#android.intent.action.MAIN+android.intent.category.LAUNCHER
ADDED from src\main\AndroidManifest.xml:36:13-39:29
action#android.intent.action.MAIN
ADDED from src\main\AndroidManifest.xml:37:17-69
	android:name
		ADDED from src\main\AndroidManifest.xml:37:25-66
category#android.intent.category.LAUNCHER
ADDED from src\main\AndroidManifest.xml:38:17-77
	android:name
		ADDED from src\main\AndroidManifest.xml:38:27-74
activity#com.mohi.in.activities.AllCategoryListActivity
ADDED from src\main\AndroidManifest.xml:41:9-43:52
	android:screenOrientation
		ADDED from src\main\AndroidManifest.xml:43:13-49
	android:name
		ADDED from src\main\AndroidManifest.xml:42:13-63
activity#com.mohi.in.activities.AllProductsListActivity
ADDED from src\main\AndroidManifest.xml:44:9-46:52
	android:screenOrientation
		ADDED from src\main\AndroidManifest.xml:46:13-49
	android:name
		ADDED from src\main\AndroidManifest.xml:45:13-63
activity#com.mohi.in.activities.SearchProductsListActivity
ADDED from src\main\AndroidManifest.xml:47:9-49:52
	android:screenOrientation
		ADDED from src\main\AndroidManifest.xml:49:13-49
	android:name
		ADDED from src\main\AndroidManifest.xml:48:13-66
activity#com.mohi.in.activities.ForGotPasswordActivity
ADDED from src\main\AndroidManifest.xml:50:9-52:52
	android:screenOrientation
		ADDED from src\main\AndroidManifest.xml:52:13-49
	android:name
		ADDED from src\main\AndroidManifest.xml:51:13-62
activity#com.mohi.in.activities.YourOrdersActivity
ADDED from src\main\AndroidManifest.xml:53:9-55:52
	android:screenOrientation
		ADDED from src\main\AndroidManifest.xml:55:13-49
	android:name
		ADDED from src\main\AndroidManifest.xml:54:13-58
activity#com.mohi.in.activities.OrderHistoryActivity
ADDED from src\main\AndroidManifest.xml:56:9-58:52
	android:screenOrientation
		ADDED from src\main\AndroidManifest.xml:58:13-49
	android:name
		ADDED from src\main\AndroidManifest.xml:57:13-60
activity#com.mohi.in.activities.WishListActivity
ADDED from src\main\AndroidManifest.xml:59:9-61:52
	android:screenOrientation
		ADDED from src\main\AndroidManifest.xml:61:13-49
	android:name
		ADDED from src\main\AndroidManifest.xml:60:13-56
activity#com.mohi.in.activities.ProductDetailActivity
ADDED from src\main\AndroidManifest.xml:62:9-65:54
	android:screenOrientation
		ADDED from src\main\AndroidManifest.xml:64:13-49
	android:theme
		ADDED from src\main\AndroidManifest.xml:65:13-51
	android:name
		ADDED from src\main\AndroidManifest.xml:63:13-61
activity#com.mohi.in.activities.PaymentMethodsActivity
ADDED from src\main\AndroidManifest.xml:66:9-69:57
	android:screenOrientation
		ADDED from src\main\AndroidManifest.xml:68:13-49
	android:windowSoftInputMode
		ADDED from src\main\AndroidManifest.xml:69:13-54
	android:name
		ADDED from src\main\AndroidManifest.xml:67:13-62
activity#com.mohi.in.activities.FilterActivity
ADDED from src\main\AndroidManifest.xml:70:9-73:52
	android:screenOrientation
		ADDED from src\main\AndroidManifest.xml:73:13-49
	android:launchMode
		ADDED from src\main\AndroidManifest.xml:72:13-44
	android:name
		ADDED from src\main\AndroidManifest.xml:71:13-54
activity#com.mohi.in.activities.WriteReviewActivity
ADDED from src\main\AndroidManifest.xml:74:9-77:57
	android:screenOrientation
		ADDED from src\main\AndroidManifest.xml:76:13-49
	android:windowSoftInputMode
		ADDED from src\main\AndroidManifest.xml:77:13-54
	android:name
		ADDED from src\main\AndroidManifest.xml:75:13-59
activity#com.mohi.in.activities.SearchActivity
ADDED from src\main\AndroidManifest.xml:78:9-81:64
	android:screenOrientation
		ADDED from src\main\AndroidManifest.xml:80:13-49
	android:windowSoftInputMode
		ADDED from src\main\AndroidManifest.xml:81:13-61
	android:name
		ADDED from src\main\AndroidManifest.xml:79:13-54
activity#com.mohi.in.activities.ModifyYourAddressActivity
ADDED from src\main\AndroidManifest.xml:82:9-85:57
	android:screenOrientation
		ADDED from src\main\AndroidManifest.xml:84:13-49
	android:windowSoftInputMode
		ADDED from src\main\AndroidManifest.xml:85:13-54
	android:name
		ADDED from src\main\AndroidManifest.xml:83:13-65
activity#com.mohi.in.activities.AddAddressActivity
ADDED from src\main\AndroidManifest.xml:86:9-89:57
	android:screenOrientation
		ADDED from src\main\AndroidManifest.xml:88:13-49
	android:windowSoftInputMode
		ADDED from src\main\AndroidManifest.xml:89:13-54
	android:name
		ADDED from src\main\AndroidManifest.xml:87:13-58
activity#com.mohi.in.activities.EditAddressActivity
ADDED from src\main\AndroidManifest.xml:90:9-93:57
	android:screenOrientation
		ADDED from src\main\AndroidManifest.xml:92:13-49
	android:windowSoftInputMode
		ADDED from src\main\AndroidManifest.xml:93:13-54
	android:name
		ADDED from src\main\AndroidManifest.xml:91:13-59
activity#com.mohi.in.activities.ShippingAddressActivity
ADDED from src\main\AndroidManifest.xml:94:9-97:57
	android:screenOrientation
		ADDED from src\main\AndroidManifest.xml:96:13-49
	android:windowSoftInputMode
		ADDED from src\main\AndroidManifest.xml:97:13-54
	android:name
		ADDED from src\main\AndroidManifest.xml:95:13-63
activity#com.mohi.in.activities.PaymentActivity
ADDED from src\main\AndroidManifest.xml:98:9-101:57
	android:screenOrientation
		ADDED from src\main\AndroidManifest.xml:100:13-49
	android:windowSoftInputMode
		ADDED from src\main\AndroidManifest.xml:101:13-54
	android:name
		ADDED from src\main\AndroidManifest.xml:99:13-55
activity#com.mohi.in.activities.ChangePasswordActivity
ADDED from src\main\AndroidManifest.xml:102:9-104:52
	android:screenOrientation
		ADDED from src\main\AndroidManifest.xml:104:13-49
	android:name
		ADDED from src\main\AndroidManifest.xml:103:13-62
activity#com.mohi.in.activities.EditProfileActivity
ADDED from src\main\AndroidManifest.xml:105:9-107:52
	android:screenOrientation
		ADDED from src\main\AndroidManifest.xml:107:13-49
	android:name
		ADDED from src\main\AndroidManifest.xml:106:13-59
activity#com.theartofdev.edmodo.cropper.CropImageActivity
ADDED from src\main\AndroidManifest.xml:108:9-111:59
	android:screenOrientation
		ADDED from src\main\AndroidManifest.xml:110:13-49
	android:theme
		ADDED from src\main\AndroidManifest.xml:111:13-56
	android:name
		ADDED from src\main\AndroidManifest.xml:109:13-76
provider#android.support.v4.content.FileProvider
ADDED from src\main\AndroidManifest.xml:113:9-121:20
	android:grantUriPermissions
		ADDED from src\main\AndroidManifest.xml:117:13-47
	android:authorities
		ADDED from src\main\AndroidManifest.xml:115:13-56
	android:exported
		ADDED from src\main\AndroidManifest.xml:116:13-37
	android:name
		ADDED from src\main\AndroidManifest.xml:114:13-67
meta-data#android.support.FILE_PROVIDER_PATHS
ADDED from src\main\AndroidManifest.xml:118:13-120:54
	android:resource
		ADDED from src\main\AndroidManifest.xml:120:17-51
	android:name
		ADDED from src\main\AndroidManifest.xml:119:17-67
activity#com.mohi.in.activities.WebViewActivity
ADDED from src\main\AndroidManifest.xml:123:9-125:15
	android:screenOrientation
		ADDED from src\main\AndroidManifest.xml:124:13-49
	android:name
		ADDED from src\main\AndroidManifest.xml:123:19-61
activity#com.mohi.in.activities.FullImageScreen_Activity
ADDED from src\main\AndroidManifest.xml:126:9-128:15
	android:screenOrientation
		ADDED from src\main\AndroidManifest.xml:127:13-49
	android:name
		ADDED from src\main\AndroidManifest.xml:126:19-70
activity#com.mohi.in.activities.SliderHomeActivity
ADDED from src\main\AndroidManifest.xml:130:9-131:51
	android:screenOrientation
		ADDED from src\main\AndroidManifest.xml:131:13-49
	android:name
		ADDED from src\main\AndroidManifest.xml:130:19-64
activity#com.mohi.in.activities.LoginActivityNew
ADDED from src\main\AndroidManifest.xml:133:9-134:51
	android:screenOrientation
		ADDED from src\main\AndroidManifest.xml:134:13-49
	android:name
		ADDED from src\main\AndroidManifest.xml:133:19-62
activity#com.mohi.in.activities.SignupActivityNew
ADDED from src\main\AndroidManifest.xml:135:9-66
	android:name
		ADDED from src\main\AndroidManifest.xml:135:19-63
activity#com.mohi.in.activities.DummyActivity
ADDED from src\main\AndroidManifest.xml:136:9-62
	android:name
		ADDED from src\main\AndroidManifest.xml:136:19-59
activity#com.mohi.in.activities.ActivityChat
ADDED from src\main\AndroidManifest.xml:137:9-139:57
	android:screenOrientation
		ADDED from src\main\AndroidManifest.xml:138:13-49
	android:windowSoftInputMode
		ADDED from src\main\AndroidManifest.xml:139:13-55
	android:name
		ADDED from src\main\AndroidManifest.xml:137:19-58
activity#com.mohi.in.activities.ActivityFAQ
ADDED from src\main\AndroidManifest.xml:140:9-60
	android:name
		ADDED from src\main\AndroidManifest.xml:140:19-57
activity#com.mohi.in.activities.ActivityOrderFinished
ADDED from src\main\AndroidManifest.xml:141:9-70
	android:name
		ADDED from src\main\AndroidManifest.xml:141:19-67
activity#com.mohi.in.activities.ActivityCheckoutPayment
ADDED from src\main\AndroidManifest.xml:142:9-72
	android:name
		ADDED from src\main\AndroidManifest.xml:142:19-69
activity#com.mohi.in.activities.ActivityAboutUs
ADDED from src\main\AndroidManifest.xml:144:9-64
	android:name
		ADDED from src\main\AndroidManifest.xml:144:19-61
activity#com.mohi.in.activities.ActivityHelp
ADDED from src\main\AndroidManifest.xml:145:9-61
	android:name
		ADDED from src\main\AndroidManifest.xml:145:19-58
activity#com.mohi.in.activities.ActivityDetailOrder
ADDED from src\main\AndroidManifest.xml:146:9-68
	android:name
		ADDED from src\main\AndroidManifest.xml:146:19-65
activity#com.mohi.in.activities.ActivityPaymentNew
ADDED from src\main\AndroidManifest.xml:147:9-67
	android:name
		ADDED from src\main\AndroidManifest.xml:147:19-64
activity#com.mohi.in.activities.ActivityItemDetails
ADDED from src\main\AndroidManifest.xml:148:9-68
	android:name
		ADDED from src\main\AndroidManifest.xml:148:19-65
activity#com.mohi.in.activities.ActivityShippingAddress
ADDED from src\main\AndroidManifest.xml:149:9-72
	android:name
		ADDED from src\main\AndroidManifest.xml:149:19-69
activity#com.mohi.in.activities.HomeActivity
ADDED from src\main\AndroidManifest.xml:150:9-61
	android:name
		ADDED from src\main\AndroidManifest.xml:150:19-58
activity#com.mohi.in.activities.ActivityFullScreenImage
ADDED from src\main\AndroidManifest.xml:151:9-72
	android:name
		ADDED from src\main\AndroidManifest.xml:151:19-69
service#com.mohi.in.utils.MyLocationService
ADDED from src\main\AndroidManifest.xml:153:9-60
	android:name
		ADDED from src\main\AndroidManifest.xml:153:18-57
uses-sdk
INJECTED from src\main\AndroidManifest.xml reason: use-sdk injection requested
INJECTED from src\main\AndroidManifest.xml
INJECTED from src\main\AndroidManifest.xml
MERGED from [:sdkui] AndroidManifest.xml:7:5-9:41
MERGED from [:sdkui] AndroidManifest.xml:7:5-9:41
MERGED from [com.android.support:design:26.1.0] AndroidManifest.xml:21:5-23:62
MERGED from [com.android.support:design:26.1.0] AndroidManifest.xml:21:5-23:62
MERGED from [com.theartofdev.edmodo:android-image-cropper:2.3.1] AndroidManifest.xml:8:5-10:41
MERGED from [com.theartofdev.edmodo:android-image-cropper:2.3.1] AndroidManifest.xml:8:5-10:41
MERGED from [com.crystal:crystalrangeseekbar:1.1.3] AndroidManifest.xml:7:5-9:41
MERGED from [com.crystal:crystalrangeseekbar:1.1.3] AndroidManifest.xml:7:5-9:41
MERGED from [com.payu.india:payu-sdk:4.4.2] AndroidManifest.xml:7:5-9:41
MERGED from [com.payu.india:payu-sdk:4.4.2] AndroidManifest.xml:7:5-9:41
MERGED from [com.payu.custombrowser:payu-custom-browser:6.1.3] AndroidManifest.xml:7:5-9:41
MERGED from [com.payu.custombrowser:payu-custom-browser:6.1.3] AndroidManifest.xml:7:5-9:41
MERGED from [com.payu.magicretry:magicretry:1.0.5] AndroidManifest.xml:7:5-9:41
MERGED from [com.payu.magicretry:magicretry:1.0.5] AndroidManifest.xml:7:5-9:41
MERGED from [com.android.support:appcompat-v7:26.1.0] AndroidManifest.xml:21:5-23:78
MERGED from [com.android.support:appcompat-v7:26.1.0] AndroidManifest.xml:21:5-23:78
MERGED from [com.android.support.constraint:constraint-layout:1.0.2] AndroidManifest.xml:5:5-7:41
MERGED from [com.android.support.constraint:constraint-layout:1.0.2] AndroidManifest.xml:5:5-7:41
MERGED from [com.android.support:animated-vector-drawable:26.1.0] AndroidManifest.xml:20:5-44
MERGED from [com.android.support:animated-vector-drawable:26.1.0] AndroidManifest.xml:20:5-44
MERGED from [com.android.support:support-vector-drawable:26.1.0] AndroidManifest.xml:20:5-44
MERGED from [com.android.support:support-vector-drawable:26.1.0] AndroidManifest.xml:20:5-44
MERGED from [com.android.support:transition:26.1.0] AndroidManifest.xml:20:5-44
MERGED from [com.android.support:transition:26.1.0] AndroidManifest.xml:20:5-44
MERGED from [com.android.support:support-v4:26.1.0] AndroidManifest.xml:21:5-23:54
MERGED from [com.android.support:support-v4:26.1.0] AndroidManifest.xml:21:5-23:54
MERGED from [com.balysv:material-ripple:1.0.2] AndroidManifest.xml:8:5-10:41
MERGED from [com.balysv:material-ripple:1.0.2] AndroidManifest.xml:8:5-10:41
MERGED from [com.koushikdutta.ion:ion:2.2.1] AndroidManifest.xml:7:5-9:41
MERGED from [com.koushikdutta.ion:ion:2.2.1] AndroidManifest.xml:7:5-9:41
MERGED from [com.android.support:cardview-v7:26.1.0] AndroidManifest.xml:20:5-44
MERGED from [com.android.support:cardview-v7:26.1.0] AndroidManifest.xml:20:5-44
MERGED from [com.mikhaellopez:circularimageview:3.0.2] AndroidManifest.xml:7:5-9:41
MERGED from [com.mikhaellopez:circularimageview:3.0.2] AndroidManifest.xml:7:5-9:41
MERGED from [com.android.support:recyclerview-v7:26.1.0] AndroidManifest.xml:20:5-44
MERGED from [com.android.support:recyclerview-v7:26.1.0] AndroidManifest.xml:20:5-44
MERGED from [com.android.support:support-media-compat:26.1.0] AndroidManifest.xml:21:5-23:63
MERGED from [com.android.support:support-media-compat:26.1.0] AndroidManifest.xml:21:5-23:63
MERGED from [com.android.support:support-fragment:26.1.0] AndroidManifest.xml:21:5-23:60
MERGED from [com.android.support:support-fragment:26.1.0] AndroidManifest.xml:21:5-23:60
MERGED from [com.android.support:support-core-utils:26.1.0] AndroidManifest.xml:21:5-23:61
MERGED from [com.android.support:support-core-utils:26.1.0] AndroidManifest.xml:21:5-23:61
MERGED from [com.android.support:support-core-ui:26.1.0] AndroidManifest.xml:21:5-23:58
MERGED from [com.android.support:support-core-ui:26.1.0] AndroidManifest.xml:21:5-23:58
MERGED from [com.android.support:support-compat:26.1.0] AndroidManifest.xml:21:5-23:58
MERGED from [com.android.support:support-compat:26.1.0] AndroidManifest.xml:21:5-23:58
MERGED from [com.koushikdutta.async:androidasync:2.2.1] AndroidManifest.xml:7:5-9:41
MERGED from [com.koushikdutta.async:androidasync:2.2.1] AndroidManifest.xml:7:5-9:41
MERGED from [android.arch.lifecycle:runtime:1.0.0] AndroidManifest.xml:20:5-22:41
MERGED from [android.arch.lifecycle:runtime:1.0.0] AndroidManifest.xml:20:5-22:41
INJECTED from src\main\AndroidManifest.xml
INJECTED from src\main\AndroidManifest.xml
	tools:overrideLibrary
		ADDED from [com.android.support:design:26.1.0] AndroidManifest.xml:23:9-59
	android:targetSdkVersion
		INJECTED from src\main\AndroidManifest.xml
		ADDED from src\main\AndroidManifest.xml
		INJECTED from src\main\AndroidManifest.xml
	android:minSdkVersion
		INJECTED from src\main\AndroidManifest.xml
		ADDED from src\main\AndroidManifest.xml
		INJECTED from src\main\AndroidManifest.xml
uses-permission#android.permission.ACCESS_WIFI_STATE
ADDED from [:sdkui] AndroidManifest.xml:13:5-76
	android:name
		ADDED from [:sdkui] AndroidManifest.xml:13:22-73
uses-permission#android.permission.RECEIVE_SMS
ADDED from [:sdkui] AndroidManifest.xml:14:5-16:47
MERGED from [com.payu.custombrowser:payu-custom-browser:6.1.3] AndroidManifest.xml:12:5-14:47
MERGED from [com.payu.custombrowser:payu-custom-browser:6.1.3] AndroidManifest.xml:12:5-14:47
	android:protectionLevel
		ADDED from [:sdkui] AndroidManifest.xml:16:9-44
	android:name
		ADDED from [:sdkui] AndroidManifest.xml:15:9-54
activity#com.payu.payuui.Activity.PayUBaseActivity
ADDED from [:sdkui] AndroidManifest.xml:23:9-28:20
	android:screenOrientation
		ADDED from [:sdkui] AndroidManifest.xml:26:13-49
	android:label
		ADDED from [:sdkui] AndroidManifest.xml:25:13-45
	android:windowSoftInputMode
		ADDED from [:sdkui] AndroidManifest.xml:27:13-52
	android:name
		ADDED from [:sdkui] AndroidManifest.xml:24:13-69
activity#com.payu.payuui.Activity.PaymentsActivity
ADDED from [:sdkui] AndroidManifest.xml:29:9-33:20
	android:screenOrientation
		ADDED from [:sdkui] AndroidManifest.xml:32:13-49
	android:label
		ADDED from [:sdkui] AndroidManifest.xml:31:13-60
	android:name
		ADDED from [:sdkui] AndroidManifest.xml:30:13-69
activity#com.payu.payuui.Activity.OldPaymentActivity
ADDED from [:sdkui] AndroidManifest.xml:34:9-38:20
	android:screenOrientation
		ADDED from [:sdkui] AndroidManifest.xml:37:13-49
	android:label
		ADDED from [:sdkui] AndroidManifest.xml:36:13-60
	android:name
		ADDED from [:sdkui] AndroidManifest.xml:35:13-71
meta-data#android.support.VERSION
ADDED from [com.android.support:design:26.1.0] AndroidManifest.xml:26:9-28:38
MERGED from [com.android.support:appcompat-v7:26.1.0] AndroidManifest.xml:26:9-28:38
MERGED from [com.android.support:appcompat-v7:26.1.0] AndroidManifest.xml:26:9-28:38
MERGED from [com.android.support:animated-vector-drawable:26.1.0] AndroidManifest.xml:23:9-25:38
MERGED from [com.android.support:animated-vector-drawable:26.1.0] AndroidManifest.xml:23:9-25:38
MERGED from [com.android.support:support-vector-drawable:26.1.0] AndroidManifest.xml:23:9-25:38
MERGED from [com.android.support:support-vector-drawable:26.1.0] AndroidManifest.xml:23:9-25:38
MERGED from [com.android.support:transition:26.1.0] AndroidManifest.xml:23:9-25:38
MERGED from [com.android.support:transition:26.1.0] AndroidManifest.xml:23:9-25:38
MERGED from [com.android.support:support-v4:26.1.0] AndroidManifest.xml:26:9-28:38
MERGED from [com.android.support:support-v4:26.1.0] AndroidManifest.xml:26:9-28:38
MERGED from [com.android.support:cardview-v7:26.1.0] AndroidManifest.xml:23:9-25:38
MERGED from [com.android.support:cardview-v7:26.1.0] AndroidManifest.xml:23:9-25:38
MERGED from [com.android.support:recyclerview-v7:26.1.0] AndroidManifest.xml:23:9-25:38
MERGED from [com.android.support:recyclerview-v7:26.1.0] AndroidManifest.xml:23:9-25:38
MERGED from [com.android.support:support-media-compat:26.1.0] AndroidManifest.xml:26:9-28:38
MERGED from [com.android.support:support-media-compat:26.1.0] AndroidManifest.xml:26:9-28:38
MERGED from [com.android.support:support-fragment:26.1.0] AndroidManifest.xml:26:9-28:38
MERGED from [com.android.support:support-fragment:26.1.0] AndroidManifest.xml:26:9-28:38
MERGED from [com.android.support:support-core-utils:26.1.0] AndroidManifest.xml:26:9-28:38
MERGED from [com.android.support:support-core-utils:26.1.0] AndroidManifest.xml:26:9-28:38